<?xml version="1.0" encoding="UTF-8"?>
<!-- Generated by org.testng.reporters.JUnitReportReporter -->
<testsuite hostname="DESKTOP-3AAG5NQ" failures="0" tests="1" name="com.inetBanking.testCases.TC_LoginTest_001" time="5.366" errors="0" timestamp="2021-12-22T12:44:06 IST" skipped="0">
  <testcase classname="com.inetBanking.testCases.TC_LoginTest_001" name="loginTest" time="5.366"/>
  <system-out/>
</testsuite> <!-- com.inetBanking.testCases.TC_LoginTest_001 -->
